2024-05-03 22:50:53 [127.0.0.1][1][-][error][yii\web\HttpException:404] yii\base\InvalidRouteException: Unable to resolve the request: author/create-book/create-book in C:\OSPanel\domains\Inkwell\vendor\yiisoft\yii2\base\Controller.php:149
Stack trace:
#0 C:\OSPanel\domains\Inkwell\vendor\yiisoft\yii2\base\Module.php(552): yii\base\Controller->runAction()
#1 C:\OSPanel\domains\Inkwell\vendor\yiisoft\yii2\web\Application.php(103): yii\base\Module->runAction()
#2 C:\OSPanel\domains\Inkwell\vendor\yiisoft\yii2\base\Application.php(384): yii\web\Application->handleRequest()
#3 C:\OSPanel\domains\Inkwell\web\index.php(16): yii\base\Application->run()
#4 {main}

Next yii\web\NotFoundHttpException: Страница не найдена. in C:\OSPanel\domains\Inkwell\vendor\yiisoft\yii2\web\Application.php:115
Stack trace:
#0 C:\OSPanel\domains\Inkwell\vendor\yiisoft\yii2\base\Application.php(384): yii\web\Application->handleRequest()
#1 C:\OSPanel\domains\Inkwell\web\index.php(16): yii\base\Application->run()
#2 {main}
2024-05-03 22:50:53 [127.0.0.1][1][-][info][application] $_GET = [
    'r' => 'author/create-book/create-book'
]

$_POST = []

$_FILES = []

$_COOKIE = [
    'PHPSESSID' => 'a0u1mmu6gfhovudi4c5953821l748rfq'
    '_identity' => '47671cca0df5b555ee3b3067c73d057da91213311e81de000055f204baa4c08aa:2:{i:0;s:9:\"_identity\";i:1;s:22:\"[1,\"some key\",2592000]\";}'
    '_csrf' => 'dcec215c9dba8f7e9b9e82445955378772a0beb642d2b87f19cfdc88b3827258a:2:{i:0;s:5:\"_csrf\";i:1;s:32:\"2HQ8eESChF_kJs7JNl5-lCBxHppK3TIV\";}'
]

$_SESSION = [
    '__flash' => []
    '__id' => 1
    '__authKey' => 'some key'
    'theme' => 'sepia'
]

$_SERVER = [
    'HTTP_HOST' => 'inkwell'
    'HTTP_CONNECTION' => 'keep-alive'
    'HTTP_UPGRADE_INSECURE_REQUESTS' => '1'
    'HTTP_USER_AGENT' => 'Mozilla/5.0 (Windows NT 10.0; Win64; x64) AppleWebKit/537.36 (KHTML, like Gecko) Chrome/124.0.0.0 Safari/537.36'
    'HTTP_ACCEPT' => 'text/html,application/xhtml+xml,application/xml;q=0.9,image/avif,image/webp,image/apng,*/*;q=0.8,application/signed-exchange;v=b3;q=0.7'
    'HTTP_ACCEPT_ENCODING' => 'gzip, deflate'
    'HTTP_ACCEPT_LANGUAGE' => 'ru-RU,ru;q=0.9,en-US;q=0.8,en;q=0.7'
    'HTTP_COOKIE' => 'PHPSESSID=a0u1mmu6gfhovudi4c5953821l748rfq; _identity=47671cca0df5b555ee3b3067c73d057da91213311e81de000055f204baa4c08aa%3A2%3A%7Bi%3A0%3Bs%3A9%3A%22_identity%22%3Bi%3A1%3Bs%3A22%3A%22%5B1%2C%22some%20key%22%2C2592000%5D%22%3B%7D; _csrf=dcec215c9dba8f7e9b9e82445955378772a0beb642d2b87f19cfdc88b3827258a%3A2%3A%7Bi%3A0%3Bs%3A5%3A%22_csrf%22%3Bi%3A1%3Bs%3A32%3A%222HQ8eESChF_kJs7JNl5-lCBxHppK3TIV%22%3B%7D'
    'PATH' => 'c:\\ospanel\\modules\\php\\PHP_8.1\\ext;c:\\ospanel\\modules\\php\\PHP_8.1\\pear;c:\\ospanel\\modules\\php\\PHP_8.1\\pear\\bin;c:\\ospanel\\modules\\php\\PHP_8.1;c:\\ospanel\\modules\\wget\\bin;c:\\ospanel\\modules\\database\\MySQL-8.0-Win10\\bin;c:\\ospanel\\modules\\http\\Apache_2.4-PHP_8.0-8.1\\bin;c:\\ospanel\\modules\\http\\Apache_2.4-PHP_8.0-8.1;C:\\Windows\\system32;C:\\Windows;C:\\Windows\\system32\\Wbem;C:\\Windows\\SysWOW64'
    'SystemRoot' => 'C:\\Windows'
    'COMSPEC' => 'C:\\Windows\\system32\\cmd.exe'
    'PATHEXT' => '.COM;.EXE;.BAT;.CMD;.VBS;.VBE;.JS;.JSE;.WSF;.WSH;.MSC'
    'WINDIR' => 'C:\\Windows'
    'SERVER_SIGNATURE' => ''
    'SERVER_SOFTWARE' => 'Apache'
    'SERVER_NAME' => 'inkwell'
    'SERVER_ADDR' => '127.0.0.1'
    'SERVER_PORT' => '80'
    'REMOTE_ADDR' => '127.0.0.1'
    'DOCUMENT_ROOT' => 'C:/OSPanel/domains/Inkwell'
    'REQUEST_SCHEME' => 'http'
    'CONTEXT_PREFIX' => ''
    'CONTEXT_DOCUMENT_ROOT' => 'C:/OSPanel/domains/Inkwell'
    'SERVER_ADMIN' => '[no address given]'
    'SCRIPT_FILENAME' => 'C:/OSPanel/domains/Inkwell/web/index.php'
    'REMOTE_PORT' => '61733'
    'GATEWAY_INTERFACE' => 'CGI/1.1'
    'SERVER_PROTOCOL' => 'HTTP/1.1'
    'REQUEST_METHOD' => 'GET'
    'QUERY_STRING' => 'r=author%2Fcreate-book%2Fcreate-book'
    'REQUEST_URI' => '/web/index.php?r=author%2Fcreate-book%2Fcreate-book'
    'SCRIPT_NAME' => '/web/index.php'
    'PHP_SELF' => '/web/index.php'
    'REQUEST_TIME_FLOAT' => 1714776653.0664
    'REQUEST_TIME' => 1714776653
]
2024-05-04 00:14:03 [127.0.0.1][1][a0u1mmu6gfhovudi4c5953821l748rfq][error][yii\web\HttpException:404] yii\base\InvalidRouteException: Unable to resolve the request: author/create/load-tab?=2_fandom in C:\OSPanel\domains\Inkwell\vendor\yiisoft\yii2\base\Controller.php:149
Stack trace:
#0 C:\OSPanel\domains\Inkwell\vendor\yiisoft\yii2\base\Module.php(552): yii\base\Controller->runAction()
#1 C:\OSPanel\domains\Inkwell\vendor\yiisoft\yii2\web\Application.php(103): yii\base\Module->runAction()
#2 C:\OSPanel\domains\Inkwell\vendor\yiisoft\yii2\base\Application.php(384): yii\web\Application->handleRequest()
#3 C:\OSPanel\domains\Inkwell\web\index.php(16): yii\base\Application->run()
#4 {main}

Next yii\web\NotFoundHttpException: Страница не найдена. in C:\OSPanel\domains\Inkwell\vendor\yiisoft\yii2\web\Application.php:115
Stack trace:
#0 C:\OSPanel\domains\Inkwell\vendor\yiisoft\yii2\base\Application.php(384): yii\web\Application->handleRequest()
#1 C:\OSPanel\domains\Inkwell\web\index.php(16): yii\base\Application->run()
#2 {main}
2024-05-04 00:14:03 [127.0.0.1][1][a0u1mmu6gfhovudi4c5953821l748rfq][info][application] $_GET = [
    'r' => 'author/create/load-tab?=2_fandom'
]

$_POST = []

$_FILES = []

$_COOKIE = [
    'PHPSESSID' => 'a0u1mmu6gfhovudi4c5953821l748rfq'
    '_identity' => '47671cca0df5b555ee3b3067c73d057da91213311e81de000055f204baa4c08aa:2:{i:0;s:9:\"_identity\";i:1;s:22:\"[1,\"some key\",2592000]\";}'
    '_csrf' => 'dcec215c9dba8f7e9b9e82445955378772a0beb642d2b87f19cfdc88b3827258a:2:{i:0;s:5:\"_csrf\";i:1;s:32:\"2HQ8eESChF_kJs7JNl5-lCBxHppK3TIV\";}'
]

$_SESSION = [
    '__flash' => []
    '__id' => 1
    '__authKey' => 'some key'
    'theme' => 'sepia'
]

$_SERVER = [
    'HTTP_HOST' => 'inkwell'
    'HTTP_CONNECTION' => 'keep-alive'
    'HTTP_ACCEPT' => '*/*'
    'HTTP_X_CSRF_TOKEN' => 'neT5pkWSi0dK4Bn-Veir4BidTPiXL2ieQMbCvVNbBXevrKieINfYBCKmRpUfm5yqVvF51ftsKuYItrL2YA9MIQ=='
    'HTTP_X_REQUESTED_WITH' => 'XMLHttpRequest'
    'HTTP_USER_AGENT' => 'Mozilla/5.0 (Windows NT 10.0; Win64; x64) AppleWebKit/537.36 (KHTML, like Gecko) Chrome/124.0.0.0 Safari/537.36'
    'HTTP_REFERER' => 'http://inkwell/web/index.php?r=author%2Fcreate/new-book'
    'HTTP_ACCEPT_ENCODING' => 'gzip, deflate'
    'HTTP_ACCEPT_LANGUAGE' => 'ru-RU,ru;q=0.9,en-US;q=0.8,en;q=0.7'
    'HTTP_COOKIE' => 'PHPSESSID=a0u1mmu6gfhovudi4c5953821l748rfq; _identity=47671cca0df5b555ee3b3067c73d057da91213311e81de000055f204baa4c08aa%3A2%3A%7Bi%3A0%3Bs%3A9%3A%22_identity%22%3Bi%3A1%3Bs%3A22%3A%22%5B1%2C%22some%20key%22%2C2592000%5D%22%3B%7D; _csrf=dcec215c9dba8f7e9b9e82445955378772a0beb642d2b87f19cfdc88b3827258a%3A2%3A%7Bi%3A0%3Bs%3A5%3A%22_csrf%22%3Bi%3A1%3Bs%3A32%3A%222HQ8eESChF_kJs7JNl5-lCBxHppK3TIV%22%3B%7D'
    'PATH' => 'c:\\ospanel\\modules\\php\\PHP_8.1\\ext;c:\\ospanel\\modules\\php\\PHP_8.1\\pear;c:\\ospanel\\modules\\php\\PHP_8.1\\pear\\bin;c:\\ospanel\\modules\\php\\PHP_8.1;c:\\ospanel\\modules\\wget\\bin;c:\\ospanel\\modules\\database\\MySQL-8.0-Win10\\bin;c:\\ospanel\\modules\\http\\Apache_2.4-PHP_8.0-8.1\\bin;c:\\ospanel\\modules\\http\\Apache_2.4-PHP_8.0-8.1;C:\\Windows\\system32;C:\\Windows;C:\\Windows\\system32\\Wbem;C:\\Windows\\SysWOW64'
    'SystemRoot' => 'C:\\Windows'
    'COMSPEC' => 'C:\\Windows\\system32\\cmd.exe'
    'PATHEXT' => '.COM;.EXE;.BAT;.CMD;.VBS;.VBE;.JS;.JSE;.WSF;.WSH;.MSC'
    'WINDIR' => 'C:\\Windows'
    'SERVER_SIGNATURE' => ''
    'SERVER_SOFTWARE' => 'Apache'
    'SERVER_NAME' => 'inkwell'
    'SERVER_ADDR' => '127.0.0.1'
    'SERVER_PORT' => '80'
    'REMOTE_ADDR' => '127.0.0.1'
    'DOCUMENT_ROOT' => 'C:/OSPanel/domains/Inkwell'
    'REQUEST_SCHEME' => 'http'
    'CONTEXT_PREFIX' => ''
    'CONTEXT_DOCUMENT_ROOT' => 'C:/OSPanel/domains/Inkwell'
    'SERVER_ADMIN' => '[no address given]'
    'SCRIPT_FILENAME' => 'C:/OSPanel/domains/Inkwell/web/index.php'
    'REMOTE_PORT' => '64644'
    'GATEWAY_INTERFACE' => 'CGI/1.1'
    'SERVER_PROTOCOL' => 'HTTP/1.1'
    'REQUEST_METHOD' => 'GET'
    'QUERY_STRING' => 'r=author/create/load-tab?=2_fandom'
    'REQUEST_URI' => '/web/index.php?r=author/create/load-tab?=2_fandom'
    'SCRIPT_NAME' => '/web/index.php'
    'PHP_SELF' => '/web/index.php'
    'REQUEST_TIME_FLOAT' => 1714781643.0733
    'REQUEST_TIME' => 1714781643
]
2024-05-04 00:15:30 [127.0.0.1][1][a0u1mmu6gfhovudi4c5953821l748rfq][error][yii\web\HttpException:404] yii\base\InvalidRouteException: Unable to resolve the request: author/create/load-tab?=2_fandom in C:\OSPanel\domains\Inkwell\vendor\yiisoft\yii2\base\Controller.php:149
Stack trace:
#0 C:\OSPanel\domains\Inkwell\vendor\yiisoft\yii2\base\Module.php(552): yii\base\Controller->runAction()
#1 C:\OSPanel\domains\Inkwell\vendor\yiisoft\yii2\web\Application.php(103): yii\base\Module->runAction()
#2 C:\OSPanel\domains\Inkwell\vendor\yiisoft\yii2\base\Application.php(384): yii\web\Application->handleRequest()
#3 C:\OSPanel\domains\Inkwell\web\index.php(16): yii\base\Application->run()
#4 {main}

Next yii\web\NotFoundHttpException: Страница не найдена. in C:\OSPanel\domains\Inkwell\vendor\yiisoft\yii2\web\Application.php:115
Stack trace:
#0 C:\OSPanel\domains\Inkwell\vendor\yiisoft\yii2\base\Application.php(384): yii\web\Application->handleRequest()
#1 C:\OSPanel\domains\Inkwell\web\index.php(16): yii\base\Application->run()
#2 {main}
2024-05-04 00:15:30 [127.0.0.1][1][a0u1mmu6gfhovudi4c5953821l748rfq][info][application] $_GET = [
    'r' => 'author/create/load-tab?=2_fandom'
]

$_POST = []

$_FILES = []

$_COOKIE = [
    'PHPSESSID' => 'a0u1mmu6gfhovudi4c5953821l748rfq'
    '_identity' => '47671cca0df5b555ee3b3067c73d057da91213311e81de000055f204baa4c08aa:2:{i:0;s:9:\"_identity\";i:1;s:22:\"[1,\"some key\",2592000]\";}'
    '_csrf' => 'dcec215c9dba8f7e9b9e82445955378772a0beb642d2b87f19cfdc88b3827258a:2:{i:0;s:5:\"_csrf\";i:1;s:32:\"2HQ8eESChF_kJs7JNl5-lCBxHppK3TIV\";}'
]

$_SESSION = [
    '__flash' => []
    '__id' => 1
    '__authKey' => 'some key'
    'theme' => 'sepia'
]

$_SERVER = [
    'HTTP_HOST' => 'inkwell'
    'HTTP_CONNECTION' => 'keep-alive'
    'HTTP_ACCEPT' => '*/*'
    'HTTP_X_CSRF_TOKEN' => 'EjeCu2WsVPrBfruYP6J4YE96eZu067eyRpAr926zU88gf9ODAOkHuak45PN10U8qARZMttio9coO4Fu8XecamQ=='
    'HTTP_X_REQUESTED_WITH' => 'XMLHttpRequest'
    'HTTP_USER_AGENT' => 'Mozilla/5.0 (Windows NT 10.0; Win64; x64) AppleWebKit/537.36 (KHTML, like Gecko) Chrome/124.0.0.0 Safari/537.36'
    'HTTP_REFERER' => 'http://inkwell/web/index.php?r=author%2Fcreate/new-book'
    'HTTP_ACCEPT_ENCODING' => 'gzip, deflate'
    'HTTP_ACCEPT_LANGUAGE' => 'ru-RU,ru;q=0.9,en-US;q=0.8,en;q=0.7'
    'HTTP_COOKIE' => 'PHPSESSID=a0u1mmu6gfhovudi4c5953821l748rfq; _identity=47671cca0df5b555ee3b3067c73d057da91213311e81de000055f204baa4c08aa%3A2%3A%7Bi%3A0%3Bs%3A9%3A%22_identity%22%3Bi%3A1%3Bs%3A22%3A%22%5B1%2C%22some%20key%22%2C2592000%5D%22%3B%7D; _csrf=dcec215c9dba8f7e9b9e82445955378772a0beb642d2b87f19cfdc88b3827258a%3A2%3A%7Bi%3A0%3Bs%3A5%3A%22_csrf%22%3Bi%3A1%3Bs%3A32%3A%222HQ8eESChF_kJs7JNl5-lCBxHppK3TIV%22%3B%7D'
    'PATH' => 'c:\\ospanel\\modules\\php\\PHP_8.1\\ext;c:\\ospanel\\modules\\php\\PHP_8.1\\pear;c:\\ospanel\\modules\\php\\PHP_8.1\\pear\\bin;c:\\ospanel\\modules\\php\\PHP_8.1;c:\\ospanel\\modules\\wget\\bin;c:\\ospanel\\modules\\database\\MySQL-8.0-Win10\\bin;c:\\ospanel\\modules\\http\\Apache_2.4-PHP_8.0-8.1\\bin;c:\\ospanel\\modules\\http\\Apache_2.4-PHP_8.0-8.1;C:\\Windows\\system32;C:\\Windows;C:\\Windows\\system32\\Wbem;C:\\Windows\\SysWOW64'
    'SystemRoot' => 'C:\\Windows'
    'COMSPEC' => 'C:\\Windows\\system32\\cmd.exe'
    'PATHEXT' => '.COM;.EXE;.BAT;.CMD;.VBS;.VBE;.JS;.JSE;.WSF;.WSH;.MSC'
    'WINDIR' => 'C:\\Windows'
    'SERVER_SIGNATURE' => ''
    'SERVER_SOFTWARE' => 'Apache'
    'SERVER_NAME' => 'inkwell'
    'SERVER_ADDR' => '127.0.0.1'
    'SERVER_PORT' => '80'
    'REMOTE_ADDR' => '127.0.0.1'
    'DOCUMENT_ROOT' => 'C:/OSPanel/domains/Inkwell'
    'REQUEST_SCHEME' => 'http'
    'CONTEXT_PREFIX' => ''
    'CONTEXT_DOCUMENT_ROOT' => 'C:/OSPanel/domains/Inkwell'
    'SERVER_ADMIN' => '[no address given]'
    'SCRIPT_FILENAME' => 'C:/OSPanel/domains/Inkwell/web/index.php'
    'REMOTE_PORT' => '64644'
    'GATEWAY_INTERFACE' => 'CGI/1.1'
    'SERVER_PROTOCOL' => 'HTTP/1.1'
    'REQUEST_METHOD' => 'GET'
    'QUERY_STRING' => 'r=author/create/load-tab?=2_fandom'
    'REQUEST_URI' => '/web/index.php?r=author/create/load-tab?=2_fandom'
    'SCRIPT_NAME' => '/web/index.php'
    'PHP_SELF' => '/web/index.php'
    'REQUEST_TIME_FLOAT' => 1714781730.7073
    'REQUEST_TIME' => 1714781730
]
2024-05-04 00:29:23 [127.0.0.1][1][a0u1mmu6gfhovudi4c5953821l748rfq][error][ArgumentCountError] ArgumentCountError: Too few arguments to function yii\web\Session::set(), 1 passed in C:\OSPanel\domains\Inkwell\controllers\author\CreateController.php on line 21 and exactly 2 expected in C:\OSPanel\domains\Inkwell\vendor\yiisoft\yii2\web\Session.php:709
Stack trace:
#0 C:\OSPanel\domains\Inkwell\controllers\author\CreateController.php(21): yii\web\Session->set()
#1 [internal function]: app\controllers\author\CreateController->actionLoadStep()
#2 C:\OSPanel\domains\Inkwell\vendor\yiisoft\yii2\base\InlineAction.php(57): call_user_func_array()
#3 C:\OSPanel\domains\Inkwell\vendor\yiisoft\yii2\base\Controller.php(178): yii\base\InlineAction->runWithParams()
#4 C:\OSPanel\domains\Inkwell\vendor\yiisoft\yii2\base\Module.php(552): yii\base\Controller->runAction()
#5 C:\OSPanel\domains\Inkwell\vendor\yiisoft\yii2\web\Application.php(103): yii\base\Module->runAction()
#6 C:\OSPanel\domains\Inkwell\vendor\yiisoft\yii2\base\Application.php(384): yii\web\Application->handleRequest()
#7 C:\OSPanel\domains\Inkwell\web\index.php(16): yii\base\Application->run()
#8 {main}
2024-05-04 00:29:23 [127.0.0.1][1][a0u1mmu6gfhovudi4c5953821l748rfq][info][application] $_GET = [
    'r' => 'author/create/load-step'
]

$_POST = [
    'step' => '1_main'
]

$_FILES = []

$_COOKIE = [
    'PHPSESSID' => 'a0u1mmu6gfhovudi4c5953821l748rfq'
    '_identity' => '47671cca0df5b555ee3b3067c73d057da91213311e81de000055f204baa4c08aa:2:{i:0;s:9:\"_identity\";i:1;s:22:\"[1,\"some key\",2592000]\";}'
    '_csrf' => 'dcec215c9dba8f7e9b9e82445955378772a0beb642d2b87f19cfdc88b3827258a:2:{i:0;s:5:\"_csrf\";i:1;s:32:\"2HQ8eESChF_kJs7JNl5-lCBxHppK3TIV\";}'
]

$_SESSION = [
    '__flash' => []
    '__id' => 1
    '__authKey' => 'some key'
    'theme' => 'sepia'
]

$_SERVER = [
    'HTTP_HOST' => 'inkwell'
    'HTTP_CONNECTION' => 'keep-alive'
    'CONTENT_LENGTH' => '11'
    'HTTP_ACCEPT' => '*/*'
    'HTTP_X_REQUESTED_WITH' => 'XMLHttpRequest'
    'HTTP_X_CSRF_TOKEN' => '7FWq_50Oz_9x-3NEZmDMJJ1SATX1MGnj5MbiFXC1ol3eHfvH-EucvBm9LC8sE_tu0z40GJlzK5ustpJeQ-HrCw=='
    'HTTP_USER_AGENT' => 'Mozilla/5.0 (Windows NT 10.0; Win64; x64) AppleWebKit/537.36 (KHTML, like Gecko) Chrome/124.0.0.0 Safari/537.36'
    'CONTENT_TYPE' => 'application/x-www-form-urlencoded; charset=UTF-8'
    'HTTP_ORIGIN' => 'http://inkwell'
    'HTTP_REFERER' => 'http://inkwell/web/index.php?r=author%2Fcreate/new-book'
    'HTTP_ACCEPT_ENCODING' => 'gzip, deflate'
    'HTTP_ACCEPT_LANGUAGE' => 'ru-RU,ru;q=0.9,en-US;q=0.8,en;q=0.7'
    'HTTP_COOKIE' => 'PHPSESSID=a0u1mmu6gfhovudi4c5953821l748rfq; _identity=47671cca0df5b555ee3b3067c73d057da91213311e81de000055f204baa4c08aa%3A2%3A%7Bi%3A0%3Bs%3A9%3A%22_identity%22%3Bi%3A1%3Bs%3A22%3A%22%5B1%2C%22some%20key%22%2C2592000%5D%22%3B%7D; _csrf=dcec215c9dba8f7e9b9e82445955378772a0beb642d2b87f19cfdc88b3827258a%3A2%3A%7Bi%3A0%3Bs%3A5%3A%22_csrf%22%3Bi%3A1%3Bs%3A32%3A%222HQ8eESChF_kJs7JNl5-lCBxHppK3TIV%22%3B%7D'
    'PATH' => 'c:\\ospanel\\modules\\php\\PHP_8.1\\ext;c:\\ospanel\\modules\\php\\PHP_8.1\\pear;c:\\ospanel\\modules\\php\\PHP_8.1\\pear\\bin;c:\\ospanel\\modules\\php\\PHP_8.1;c:\\ospanel\\modules\\wget\\bin;c:\\ospanel\\modules\\database\\MySQL-8.0-Win10\\bin;c:\\ospanel\\modules\\http\\Apache_2.4-PHP_8.0-8.1\\bin;c:\\ospanel\\modules\\http\\Apache_2.4-PHP_8.0-8.1;C:\\Windows\\system32;C:\\Windows;C:\\Windows\\system32\\Wbem;C:\\Windows\\SysWOW64'
    'SystemRoot' => 'C:\\Windows'
    'COMSPEC' => 'C:\\Windows\\system32\\cmd.exe'
    'PATHEXT' => '.COM;.EXE;.BAT;.CMD;.VBS;.VBE;.JS;.JSE;.WSF;.WSH;.MSC'
    'WINDIR' => 'C:\\Windows'
    'SERVER_SIGNATURE' => ''
    'SERVER_SOFTWARE' => 'Apache'
    'SERVER_NAME' => 'inkwell'
    'SERVER_ADDR' => '127.0.0.1'
    'SERVER_PORT' => '80'
    'REMOTE_ADDR' => '127.0.0.1'
    'DOCUMENT_ROOT' => 'C:/OSPanel/domains/Inkwell'
    'REQUEST_SCHEME' => 'http'
    'CONTEXT_PREFIX' => ''
    'CONTEXT_DOCUMENT_ROOT' => 'C:/OSPanel/domains/Inkwell'
    'SERVER_ADMIN' => '[no address given]'
    'SCRIPT_FILENAME' => 'C:/OSPanel/domains/Inkwell/web/index.php'
    'REMOTE_PORT' => '65218'
    'GATEWAY_INTERFACE' => 'CGI/1.1'
    'SERVER_PROTOCOL' => 'HTTP/1.1'
    'REQUEST_METHOD' => 'POST'
    'QUERY_STRING' => 'r=author/create/load-step'
    'REQUEST_URI' => '/web/index.php?r=author/create/load-step'
    'SCRIPT_NAME' => '/web/index.php'
    'PHP_SELF' => '/web/index.php'
    'REQUEST_TIME_FLOAT' => 1714782563.1779
    'REQUEST_TIME' => 1714782563
]
